<?xml version="1.0" encoding="UTF-8"?>
<testsuite xmlns:xsi="http://www.w3.org/2001/XMLSchema-instance" xsi:noNamespaceSchemaLocation="https://maven.apache.org/surefire/maven-surefire-plugin/xsd/surefire-test-report.xsd" name="com.zh.AppTest" time="0.171" tests="1" errors="0" skipped="0" failures="0">
  <properties>
    <property name="sun.desktop" value="windows"/>
    <property name="awt.toolkit" value="sun.awt.windows.WToolkit"/>
    <property name="file.encoding.pkg" value="sun.io"/>
    <property name="java.specification.version" value="1.8"/>
    <property name="sun.cpu.isalist" value="amd64"/>
    <property name="sun.jnu.encoding" value="GBK"/>
    <property name="java.class.path" value="G:\geren\ziliao\个人仓库\代码片段\开发路径\springdemo\target\test-classes;G:\geren\ziliao\个人仓库\代码片段\开发路径\springdemo\target\classes;G:\geren\ziliao\jiSuanJI\gongJU\maven\repository\junit\junit\4.12\junit-4.12.jar;G:\geren\ziliao\jiSuanJI\gongJU\maven\repository\org\hamcrest\hamcrest-core\1.3\hamcrest-core-1.3.jar;G:\geren\ziliao\jiSuanJI\gongJU\maven\repository\org\springframework\spring-context-support\4.3.8.RELEASE\spring-context-support-4.3.8.RELEASE.jar;G:\geren\ziliao\jiSuanJI\gongJU\maven\repository\org\springframework\spring-context\4.3.8.RELEASE\spring-context-4.3.8.RELEASE.jar;G:\geren\ziliao\jiSuanJI\gongJU\maven\repository\org\springframework\spring-aop\4.3.8.RELEASE\spring-aop-4.3.8.RELEASE.jar;G:\geren\ziliao\jiSuanJI\gongJU\maven\repository\org\springframework\spring-expression\4.3.8.RELEASE\spring-expression-4.3.8.RELEASE.jar;G:\geren\ziliao\jiSuanJI\gongJU\maven\repository\org\springframework\spring-core\4.3.8.RELEASE\spring-core-4.3.8.RELEASE.jar;G:\geren\ziliao\jiSuanJI\gongJU\maven\repository\commons-logging\commons-logging\1.2\commons-logging-1.2.jar;G:\geren\ziliao\jiSuanJI\gongJU\maven\repository\org\springframework\spring-beans\4.3.8.RELEASE\spring-beans-4.3.8.RELEASE.jar;G:\geren\ziliao\jiSuanJI\gongJU\maven\repository\org\springframework\spring-test\4.3.8.RELEASE\spring-test-4.3.8.RELEASE.jar;"/>
    <property name="java.vm.vendor" value="Oracle Corporation"/>
    <property name="sun.arch.data.model" value="64"/>
    <property name="user.variant" value=""/>
    <property name="java.vendor.url" value="http://java.oracle.com/"/>
    <property name="user.timezone" value="Asia/Shanghai"/>
    <property name="java.vm.specification.version" value="1.8"/>
    <property name="os.name" value="Windows 10"/>
    <property name="user.country" value="CN"/>
    <property name="sun.java.launcher" value="SUN_STANDARD"/>
    <property name="sun.boot.library.path" value="C:\Program Files\Java\jdk1.8.0_201\jre\bin"/>
    <property name="sun.java.command" value="C:\Users\Lenovo\AppData\Local\Temp\surefire8385071993254706917\surefirebooter7347318382689430085.jar C:\Users\Lenovo\AppData\Local\Temp\surefire8385071993254706917 2019-09-17T00-33-57_004-jvmRun1 surefire6810723923642370362tmp surefire_08510249918663897734tmp"/>
    <property name="surefire.test.class.path" value="G:\geren\ziliao\个人仓库\代码片段\开发路径\springdemo\target\test-classes;G:\geren\ziliao\个人仓库\代码片段\开发路径\springdemo\target\classes;G:\geren\ziliao\jiSuanJI\gongJU\maven\repository\junit\junit\4.12\junit-4.12.jar;G:\geren\ziliao\jiSuanJI\gongJU\maven\repository\org\hamcrest\hamcrest-core\1.3\hamcrest-core-1.3.jar;G:\geren\ziliao\jiSuanJI\gongJU\maven\repository\org\springframework\spring-context-support\4.3.8.RELEASE\spring-context-support-4.3.8.RELEASE.jar;G:\geren\ziliao\jiSuanJI\gongJU\maven\repository\org\springframework\spring-context\4.3.8.RELEASE\spring-context-4.3.8.RELEASE.jar;G:\geren\ziliao\jiSuanJI\gongJU\maven\repository\org\springframework\spring-aop\4.3.8.RELEASE\spring-aop-4.3.8.RELEASE.jar;G:\geren\ziliao\jiSuanJI\gongJU\maven\repository\org\springframework\spring-expression\4.3.8.RELEASE\spring-expression-4.3.8.RELEASE.jar;G:\geren\ziliao\jiSuanJI\gongJU\maven\repository\org\springframework\spring-core\4.3.8.RELEASE\spring-core-4.3.8.RELEASE.jar;G:\geren\ziliao\jiSuanJI\gongJU\maven\repository\commons-logging\commons-logging\1.2\commons-logging-1.2.jar;G:\geren\ziliao\jiSuanJI\gongJU\maven\repository\org\springframework\spring-beans\4.3.8.RELEASE\spring-beans-4.3.8.RELEASE.jar;G:\geren\ziliao\jiSuanJI\gongJU\maven\repository\org\springframework\spring-test\4.3.8.RELEASE\spring-test-4.3.8.RELEASE.jar;"/>
    <property name="sun.cpu.endian" value="little"/>
    <property name="user.home" value="C:\Users\Lenovo"/>
    <property name="user.language" value="zh"/>
    <property name="java.specification.vendor" value="Oracle Corporation"/>
    <property name="java.home" value="C:\Program Files\Java\jdk1.8.0_201\jre"/>
    <property name="basedir" value="G:\geren\ziliao\个人仓库\代码片段\开发路径\springdemo"/>
    <property name="file.separator" value="\"/>
    <property name="line.separator" value="&#10;"/>
    <property name="java.vm.specification.vendor" value="Oracle Corporation"/>
    <property name="java.specification.name" value="Java Platform API Specification"/>
    <property name="java.awt.graphicsenv" value="sun.awt.Win32GraphicsEnvironment"/>
    <property name="surefire.real.class.path" value="C:\Users\Lenovo\AppData\Local\Temp\surefire8385071993254706917\surefirebooter7347318382689430085.jar"/>
    <property name="sun.boot.class.path" value="C:\Program Files\Java\jdk1.8.0_201\jre\lib\resources.jar;C:\Program Files\Java\jdk1.8.0_201\jre\lib\rt.jar;C:\Program Files\Java\jdk1.8.0_201\jre\lib\sunrsasign.jar;C:\Program Files\Java\jdk1.8.0_201\jre\lib\jsse.jar;C:\Program Files\Java\jdk1.8.0_201\jre\lib\jce.jar;C:\Program Files\Java\jdk1.8.0_201\jre\lib\charsets.jar;C:\Program Files\Java\jdk1.8.0_201\jre\lib\jfr.jar;C:\Program Files\Java\jdk1.8.0_201\jre\classes"/>
    <property name="user.script" value=""/>
    <property name="sun.management.compiler" value="HotSpot 64-Bit Tiered Compilers"/>
    <property name="java.runtime.version" value="1.8.0_201-b09"/>
    <property name="user.name" value="Lenovo"/>
    <property name="path.separator" value=";"/>
    <property name="os.version" value="10.0"/>
    <property name="java.endorsed.dirs" value="C:\Program Files\Java\jdk1.8.0_201\jre\lib\endorsed"/>
    <property name="java.runtime.name" value="Java(TM) SE Runtime Environment"/>
    <property name="file.encoding" value="GBK"/>
    <property name="java.vm.name" value="Java HotSpot(TM) 64-Bit Server VM"/>
    <property name="localRepository" value="G:\geren\ziliao\jiSuanJI\gongJU\maven\repository"/>
    <property name="java.vendor.url.bug" value="http://bugreport.sun.com/bugreport/"/>
    <property name="java.io.tmpdir" value="C:\Users\Lenovo\AppData\Local\Temp\"/>
    <property name="java.version" value="1.8.0_201"/>
    <property name="user.dir" value="G:\geren\ziliao\个人仓库\代码片段\开发路径\springdemo"/>
    <property name="os.arch" value="amd64"/>
    <property name="java.vm.specification.name" value="Java Virtual Machine Specification"/>
    <property name="java.awt.printerjob" value="sun.awt.windows.WPrinterJob"/>
    <property name="sun.os.patch.level" value=""/>
    <property name="java.library.path" value="C:\Program Files\Java\jdk1.8.0_201\jre\bin;C:\WINDOWS\Sun\Java\bin;C:\WINDOWS\system32;C:\WINDOWS;C:\WINDOWS\system32;C:\WINDOWS;C:\WINDOWS\System32\Wbem;C:\WINDOWS\System32\WindowsPowerShell\v1.0\;C:\Program Files\IDM Computer Solutions\UltraEdit;G:\geren\ziliao\jiSuanJI\gongJU\maven\apache-maven-3.6.0\bin;C:\Program Files\VisualSVN Server\bin;C:\Program Files\TortoiseSVN\bin;F:\app\Lenovo\product\11.2.0\dbhome_1\BIN;G:\geren\ziliao\jiSuanJI\gongJU\maven\apache-maven-3.6.0\bin;C:\Program Files\Java\jdk1.8.0_201\bin;C:\Program Files\nodejs\;C:\Program Files\Git\cmd;C:\WINDOWS\System32\OpenSSH\;C:\Users\Lenovo\AppData\Local\Microsoft\WindowsApps;C:\Users\Lenovo\AppData\Local\GitHubDesktop\bin;G:\anZhuang\bianMa\idea\IntelliJ IDEA 2019.1\bin;E:\软件2\anZhuang\vue——csc\Microsoft VS Code\bin;C:\Users\Lenovo\AppData\Roaming\npm;C:\Users\Lenovo\AppData\Local\Microsoft\WindowsApps;."/>
    <property name="java.vm.info" value="mixed mode"/>
    <property name="java.vendor" value="Oracle Corporation"/>
    <property name="java.vm.version" value="25.201-b09"/>
    <property name="java.ext.dirs" value="C:\Program Files\Java\jdk1.8.0_201\jre\lib\ext;C:\WINDOWS\Sun\Java\lib\ext"/>
    <property name="sun.io.unicode.encoding" value="UnicodeLittle"/>
    <property name="java.class.version" value="52.0"/>
  </properties>
  <testcase name="shouldAnswerWithTrue" classname="com.zh.AppTest" time="0.003"/>
</testsuite>